<?xml version="1.0" encoding="UTF-8"?>
<testsuite xmlns:xsi="http://www.w3.org/2001/XMLSchema-instance" xsi:noNamespaceSchemaLocation="https://maven.apache.org/surefire/maven-surefire-plugin/xsd/surefire-test-report.xsd" version="3.0.2" name="TestSuite" time="120.694" tests="30" errors="0" skipped="0" failures="0">
  <properties>
    <property name="java.specification.version" value="21"/>
    <property name="sun.jnu.encoding" value="UTF-8"/>
    <property name="sun.awt.enableExtraMouseButtons" value="true"/>
    <property name="java.class.path" value="/Users/lennoxfernandes/eclipse-workspace/NinjaV6/target/test-classes:/Users/lennoxfernandes/eclipse-workspace/NinjaV6/target/classes:/Users/lennoxfernandes/.m2/repository/org/seleniumhq/selenium/selenium-java/4.28.1/selenium-java-4.28.1.jar:/Users/lennoxfernandes/.m2/repository/org/seleniumhq/selenium/selenium-api/4.28.1/selenium-api-4.28.1.jar:/Users/lennoxfernandes/.m2/repository/org/jspecify/jspecify/1.0.0/jspecify-1.0.0.jar:/Users/lennoxfernandes/.m2/repository/org/seleniumhq/selenium/selenium-chrome-driver/4.28.1/selenium-chrome-driver-4.28.1.jar:/Users/lennoxfernandes/.m2/repository/com/google/auto/service/auto-service-annotations/1.1.1/auto-service-annotations-1.1.1.jar:/Users/lennoxfernandes/.m2/repository/org/seleniumhq/selenium/selenium-chromium-driver/4.28.1/selenium-chromium-driver-4.28.1.jar:/Users/lennoxfernandes/.m2/repository/org/seleniumhq/selenium/selenium-json/4.28.1/selenium-json-4.28.1.jar:/Users/lennoxfernandes/.m2/repository/org/seleniumhq/selenium/selenium-manager/4.28.1/selenium-manager-4.28.1.jar:/Users/lennoxfernandes/.m2/repository/org/seleniumhq/selenium/selenium-devtools-v130/4.28.1/selenium-devtools-v130-4.28.1.jar:/Users/lennoxfernandes/.m2/repository/org/seleniumhq/selenium/selenium-devtools-v131/4.28.1/selenium-devtools-v131-4.28.1.jar:/Users/lennoxfernandes/.m2/repository/org/seleniumhq/selenium/selenium-devtools-v132/4.28.1/selenium-devtools-v132-4.28.1.jar:/Users/lennoxfernandes/.m2/repository/org/seleniumhq/selenium/selenium-devtools-v85/4.28.1/selenium-devtools-v85-4.28.1.jar:/Users/lennoxfernandes/.m2/repository/org/seleniumhq/selenium/selenium-edge-driver/4.28.1/selenium-edge-driver-4.28.1.jar:/Users/lennoxfernandes/.m2/repository/org/seleniumhq/selenium/selenium-firefox-driver/4.28.1/selenium-firefox-driver-4.28.1.jar:/Users/lennoxfernandes/.m2/repository/org/seleniumhq/selenium/selenium-http/4.28.1/selenium-http-4.28.1.jar:/Users/lennoxfernandes/.m2/repository/org/seleniumhq/selenium/selenium-ie-driver/4.28.1/selenium-ie-driver-4.28.1.jar:/Users/lennoxfernandes/.m2/repository/org/seleniumhq/selenium/selenium-remote-driver/4.28.1/selenium-remote-driver-4.28.1.jar:/Users/lennoxfernandes/.m2/repository/com/google/guava/guava/33.4.0-jre/guava-33.4.0-jre.jar:/Users/lennoxfernandes/.m2/repository/com/google/guava/failureaccess/1.0.2/failureaccess-1.0.2.jar:/Users/lennoxfernandes/.m2/repository/com/google/guava/listenablefuture/9999.0-empty-to-avoid-conflict-with-guava/listenablefuture-9999.0-empty-to-avoid-conflict-with-guava.jar:/Users/lennoxfernandes/.m2/repository/com/google/code/findbugs/jsr305/3.0.2/jsr305-3.0.2.jar:/Users/lennoxfernandes/.m2/repository/org/checkerframework/checker-qual/3.43.0/checker-qual-3.43.0.jar:/Users/lennoxfernandes/.m2/repository/com/google/errorprone/error_prone_annotations/2.36.0/error_prone_annotations-2.36.0.jar:/Users/lennoxfernandes/.m2/repository/com/google/j2objc/j2objc-annotations/3.0.0/j2objc-annotations-3.0.0.jar:/Users/lennoxfernandes/.m2/repository/io/opentelemetry/semconv/opentelemetry-semconv/1.28.0-alpha/opentelemetry-semconv-1.28.0-alpha.jar:/Users/lennoxfernandes/.m2/repository/io/opentelemetry/opentelemetry-api/1.46.0/opentelemetry-api-1.46.0.jar:/Users/lennoxfernandes/.m2/repository/io/opentelemetry/opentelemetry-context/1.46.0/opentelemetry-context-1.46.0.jar:/Users/lennoxfernandes/.m2/repository/io/opentelemetry/opentelemetry-exporter-logging/1.46.0/opentelemetry-exporter-logging-1.46.0.jar:/Users/lennoxfernandes/.m2/repository/io/opentelemetry/opentelemetry-sdk-common/1.46.0/opentelemetry-sdk-common-1.46.0.jar:/Users/lennoxfernandes/.m2/repository/io/opentelemetry/opentelemetry-sdk-extension-autoconfigure-spi/1.46.0/opentelemetry-sdk-extension-autoconfigure-spi-1.46.0.jar:/Users/lennoxfernandes/.m2/repository/io/opentelemetry/opentelemetry-sdk-extension-autoconfigure/1.46.0/opentelemetry-sdk-extension-autoconfigure-1.46.0.jar:/Users/lennoxfernandes/.m2/repository/io/opentelemetry/opentelemetry-api-incubator/1.46.0-alpha/opentelemetry-api-incubator-1.46.0-alpha.jar:/Users/lennoxfernandes/.m2/repository/io/opentelemetry/opentelemetry-sdk-trace/1.46.0/opentelemetry-sdk-trace-1.46.0.jar:/Users/lennoxfernandes/.m2/repository/io/opentelemetry/opentelemetry-sdk/1.46.0/opentelemetry-sdk-1.46.0.jar:/Users/lennoxfernandes/.m2/repository/io/opentelemetry/opentelemetry-sdk-metrics/1.46.0/opentelemetry-sdk-metrics-1.46.0.jar:/Users/lennoxfernandes/.m2/repository/io/opentelemetry/opentelemetry-sdk-logs/1.46.0/opentelemetry-sdk-logs-1.46.0.jar:/Users/lennoxfernandes/.m2/repository/net/bytebuddy/byte-buddy/1.15.11/byte-buddy-1.15.11.jar:/Users/lennoxfernandes/.m2/repository/org/seleniumhq/selenium/selenium-os/4.28.1/selenium-os-4.28.1.jar:/Users/lennoxfernandes/.m2/repository/org/apache/commons/commons-exec/1.4.0/commons-exec-1.4.0.jar:/Users/lennoxfernandes/.m2/repository/org/seleniumhq/selenium/selenium-safari-driver/4.28.1/selenium-safari-driver-4.28.1.jar:/Users/lennoxfernandes/.m2/repository/org/seleniumhq/selenium/selenium-support/4.28.1/selenium-support-4.28.1.jar:/Users/lennoxfernandes/.m2/repository/org/testng/testng/7.10.2/testng-7.10.2.jar:/Users/lennoxfernandes/.m2/repository/org/slf4j/slf4j-api/1.7.36/slf4j-api-1.7.36.jar:/Users/lennoxfernandes/.m2/repository/com/beust/jcommander/1.82/jcommander-1.82.jar:/Users/lennoxfernandes/.m2/repository/org/webjars/jquery/3.7.1/jquery-3.7.1.jar:/Users/lennoxfernandes/.m2/repository/com/aventstack/extentreports/5.1.2/extentreports-5.1.2.jar:/Users/lennoxfernandes/.m2/repository/io/reactivex/rxjava3/rxjava/3.1.6/rxjava-3.1.6.jar:/Users/lennoxfernandes/.m2/repository/org/reactivestreams/reactive-streams/1.0.4/reactive-streams-1.0.4.jar:/Users/lennoxfernandes/.m2/repository/org/freemarker/freemarker/2.3.32/freemarker-2.3.32.jar:/Users/lennoxfernandes/.m2/repository/org/projectlombok/lombok/1.18.26/lombok-1.18.26.jar:/Users/lennoxfernandes/.m2/repository/com/google/code/gson/gson/2.10.1/gson-2.10.1.jar:/Users/lennoxfernandes/.m2/repository/org/apache/poi/poi/5.4.0/poi-5.4.0.jar:/Users/lennoxfernandes/.m2/repository/commons-codec/commons-codec/1.17.1/commons-codec-1.17.1.jar:/Users/lennoxfernandes/.m2/repository/org/apache/commons/commons-collections4/4.4/commons-collections4-4.4.jar:/Users/lennoxfernandes/.m2/repository/org/apache/commons/commons-math3/3.6.1/commons-math3-3.6.1.jar:/Users/lennoxfernandes/.m2/repository/commons-io/commons-io/2.18.0/commons-io-2.18.0.jar:/Users/lennoxfernandes/.m2/repository/com/zaxxer/SparseBitSet/1.3/SparseBitSet-1.3.jar:/Users/lennoxfernandes/.m2/repository/org/apache/poi/poi-ooxml/5.4.0/poi-ooxml-5.4.0.jar:/Users/lennoxfernandes/.m2/repository/org/apache/poi/poi-ooxml-lite/5.4.0/poi-ooxml-lite-5.4.0.jar:/Users/lennoxfernandes/.m2/repository/org/apache/xmlbeans/xmlbeans/5.3.0/xmlbeans-5.3.0.jar:/Users/lennoxfernandes/.m2/repository/org/apache/commons/commons-compress/1.27.1/commons-compress-1.27.1.jar:/Users/lennoxfernandes/.m2/repository/org/apache/commons/commons-lang3/3.16.0/commons-lang3-3.16.0.jar:/Users/lennoxfernandes/.m2/repository/com/github/virtuald/curvesapi/1.08/curvesapi-1.08.jar:/Users/lennoxfernandes/.m2/repository/org/apache/commons/commons-email/1.6.0/commons-email-1.6.0.jar:/Users/lennoxfernandes/.m2/repository/com/sun/mail/jakarta.mail/1.6.7/jakarta.mail-1.6.7.jar:/Users/lennoxfernandes/.m2/repository/com/sun/activation/jakarta.activation/1.2.1/jakarta.activation-1.2.1.jar:/Users/lennoxfernandes/.m2/repository/org/apache/logging/log4j/log4j-core/2.24.3/log4j-core-2.24.3.jar:/Users/lennoxfernandes/.m2/repository/org/apache/logging/log4j/log4j-api/2.24.3/log4j-api-2.24.3.jar:/Users/lennoxfernandes/.m2/repository/org/apache/logging/log4j/log4j-slf4j-impl/2.24.3/log4j-slf4j-impl-2.24.3.jar:"/>
    <property name="java.vm.vendor" value="Eclipse Adoptium"/>
    <property name="sun.arch.data.model" value="64"/>
    <property name="java.vendor.url" value="https://adoptium.net/"/>
    <property name="user.timezone" value="America/Toronto"/>
    <property name="os.name" value="Mac OS X"/>
    <property name="java.vm.specification.version" value="21"/>
    <property name="sun.java.launcher" value="SUN_STANDARD"/>
    <property name="user.country" value="CA"/>
    <property name="sun.boot.library.path" value="/Library/Java/JavaVirtualMachines/temurin-21.jdk/Contents/Home/lib"/>
    <property name="sun.java.command" value="/Users/lennoxfernandes/eclipse-workspace/NinjaV6/target/surefire/surefirebooter-20250220190823655_3.jar /Users/lennoxfernandes/eclipse-workspace/NinjaV6/target/surefire 2025-02-20T19-08-23_607-jvmRun1 surefire-20250220190823655_1tmp surefire_0-20250220190823655_2tmp"/>
    <property name="http.nonProxyHosts" value="local|*.local|169.254/16|*.169.254/16"/>
    <property name="jdk.debug" value="release"/>
    <property name="surefire.test.class.path" value="/Users/lennoxfernandes/eclipse-workspace/NinjaV6/target/test-classes:/Users/lennoxfernandes/eclipse-workspace/NinjaV6/target/classes:/Users/lennoxfernandes/.m2/repository/org/seleniumhq/selenium/selenium-java/4.28.1/selenium-java-4.28.1.jar:/Users/lennoxfernandes/.m2/repository/org/seleniumhq/selenium/selenium-api/4.28.1/selenium-api-4.28.1.jar:/Users/lennoxfernandes/.m2/repository/org/jspecify/jspecify/1.0.0/jspecify-1.0.0.jar:/Users/lennoxfernandes/.m2/repository/org/seleniumhq/selenium/selenium-chrome-driver/4.28.1/selenium-chrome-driver-4.28.1.jar:/Users/lennoxfernandes/.m2/repository/com/google/auto/service/auto-service-annotations/1.1.1/auto-service-annotations-1.1.1.jar:/Users/lennoxfernandes/.m2/repository/org/seleniumhq/selenium/selenium-chromium-driver/4.28.1/selenium-chromium-driver-4.28.1.jar:/Users/lennoxfernandes/.m2/repository/org/seleniumhq/selenium/selenium-json/4.28.1/selenium-json-4.28.1.jar:/Users/lennoxfernandes/.m2/repository/org/seleniumhq/selenium/selenium-manager/4.28.1/selenium-manager-4.28.1.jar:/Users/lennoxfernandes/.m2/repository/org/seleniumhq/selenium/selenium-devtools-v130/4.28.1/selenium-devtools-v130-4.28.1.jar:/Users/lennoxfernandes/.m2/repository/org/seleniumhq/selenium/selenium-devtools-v131/4.28.1/selenium-devtools-v131-4.28.1.jar:/Users/lennoxfernandes/.m2/repository/org/seleniumhq/selenium/selenium-devtools-v132/4.28.1/selenium-devtools-v132-4.28.1.jar:/Users/lennoxfernandes/.m2/repository/org/seleniumhq/selenium/selenium-devtools-v85/4.28.1/selenium-devtools-v85-4.28.1.jar:/Users/lennoxfernandes/.m2/repository/org/seleniumhq/selenium/selenium-edge-driver/4.28.1/selenium-edge-driver-4.28.1.jar:/Users/lennoxfernandes/.m2/repository/org/seleniumhq/selenium/selenium-firefox-driver/4.28.1/selenium-firefox-driver-4.28.1.jar:/Users/lennoxfernandes/.m2/repository/org/seleniumhq/selenium/selenium-http/4.28.1/selenium-http-4.28.1.jar:/Users/lennoxfernandes/.m2/repository/org/seleniumhq/selenium/selenium-ie-driver/4.28.1/selenium-ie-driver-4.28.1.jar:/Users/lennoxfernandes/.m2/repository/org/seleniumhq/selenium/selenium-remote-driver/4.28.1/selenium-remote-driver-4.28.1.jar:/Users/lennoxfernandes/.m2/repository/com/google/guava/guava/33.4.0-jre/guava-33.4.0-jre.jar:/Users/lennoxfernandes/.m2/repository/com/google/guava/failureaccess/1.0.2/failureaccess-1.0.2.jar:/Users/lennoxfernandes/.m2/repository/com/google/guava/listenablefuture/9999.0-empty-to-avoid-conflict-with-guava/listenablefuture-9999.0-empty-to-avoid-conflict-with-guava.jar:/Users/lennoxfernandes/.m2/repository/com/google/code/findbugs/jsr305/3.0.2/jsr305-3.0.2.jar:/Users/lennoxfernandes/.m2/repository/org/checkerframework/checker-qual/3.43.0/checker-qual-3.43.0.jar:/Users/lennoxfernandes/.m2/repository/com/google/errorprone/error_prone_annotations/2.36.0/error_prone_annotations-2.36.0.jar:/Users/lennoxfernandes/.m2/repository/com/google/j2objc/j2objc-annotations/3.0.0/j2objc-annotations-3.0.0.jar:/Users/lennoxfernandes/.m2/repository/io/opentelemetry/semconv/opentelemetry-semconv/1.28.0-alpha/opentelemetry-semconv-1.28.0-alpha.jar:/Users/lennoxfernandes/.m2/repository/io/opentelemetry/opentelemetry-api/1.46.0/opentelemetry-api-1.46.0.jar:/Users/lennoxfernandes/.m2/repository/io/opentelemetry/opentelemetry-context/1.46.0/opentelemetry-context-1.46.0.jar:/Users/lennoxfernandes/.m2/repository/io/opentelemetry/opentelemetry-exporter-logging/1.46.0/opentelemetry-exporter-logging-1.46.0.jar:/Users/lennoxfernandes/.m2/repository/io/opentelemetry/opentelemetry-sdk-common/1.46.0/opentelemetry-sdk-common-1.46.0.jar:/Users/lennoxfernandes/.m2/repository/io/opentelemetry/opentelemetry-sdk-extension-autoconfigure-spi/1.46.0/opentelemetry-sdk-extension-autoconfigure-spi-1.46.0.jar:/Users/lennoxfernandes/.m2/repository/io/opentelemetry/opentelemetry-sdk-extension-autoconfigure/1.46.0/opentelemetry-sdk-extension-autoconfigure-1.46.0.jar:/Users/lennoxfernandes/.m2/repository/io/opentelemetry/opentelemetry-api-incubator/1.46.0-alpha/opentelemetry-api-incubator-1.46.0-alpha.jar:/Users/lennoxfernandes/.m2/repository/io/opentelemetry/opentelemetry-sdk-trace/1.46.0/opentelemetry-sdk-trace-1.46.0.jar:/Users/lennoxfernandes/.m2/repository/io/opentelemetry/opentelemetry-sdk/1.46.0/opentelemetry-sdk-1.46.0.jar:/Users/lennoxfernandes/.m2/repository/io/opentelemetry/opentelemetry-sdk-metrics/1.46.0/opentelemetry-sdk-metrics-1.46.0.jar:/Users/lennoxfernandes/.m2/repository/io/opentelemetry/opentelemetry-sdk-logs/1.46.0/opentelemetry-sdk-logs-1.46.0.jar:/Users/lennoxfernandes/.m2/repository/net/bytebuddy/byte-buddy/1.15.11/byte-buddy-1.15.11.jar:/Users/lennoxfernandes/.m2/repository/org/seleniumhq/selenium/selenium-os/4.28.1/selenium-os-4.28.1.jar:/Users/lennoxfernandes/.m2/repository/org/apache/commons/commons-exec/1.4.0/commons-exec-1.4.0.jar:/Users/lennoxfernandes/.m2/repository/org/seleniumhq/selenium/selenium-safari-driver/4.28.1/selenium-safari-driver-4.28.1.jar:/Users/lennoxfernandes/.m2/repository/org/seleniumhq/selenium/selenium-support/4.28.1/selenium-support-4.28.1.jar:/Users/lennoxfernandes/.m2/repository/org/testng/testng/7.10.2/testng-7.10.2.jar:/Users/lennoxfernandes/.m2/repository/org/slf4j/slf4j-api/1.7.36/slf4j-api-1.7.36.jar:/Users/lennoxfernandes/.m2/repository/com/beust/jcommander/1.82/jcommander-1.82.jar:/Users/lennoxfernandes/.m2/repository/org/webjars/jquery/3.7.1/jquery-3.7.1.jar:/Users/lennoxfernandes/.m2/repository/com/aventstack/extentreports/5.1.2/extentreports-5.1.2.jar:/Users/lennoxfernandes/.m2/repository/io/reactivex/rxjava3/rxjava/3.1.6/rxjava-3.1.6.jar:/Users/lennoxfernandes/.m2/repository/org/reactivestreams/reactive-streams/1.0.4/reactive-streams-1.0.4.jar:/Users/lennoxfernandes/.m2/repository/org/freemarker/freemarker/2.3.32/freemarker-2.3.32.jar:/Users/lennoxfernandes/.m2/repository/org/projectlombok/lombok/1.18.26/lombok-1.18.26.jar:/Users/lennoxfernandes/.m2/repository/com/google/code/gson/gson/2.10.1/gson-2.10.1.jar:/Users/lennoxfernandes/.m2/repository/org/apache/poi/poi/5.4.0/poi-5.4.0.jar:/Users/lennoxfernandes/.m2/repository/commons-codec/commons-codec/1.17.1/commons-codec-1.17.1.jar:/Users/lennoxfernandes/.m2/repository/org/apache/commons/commons-collections4/4.4/commons-collections4-4.4.jar:/Users/lennoxfernandes/.m2/repository/org/apache/commons/commons-math3/3.6.1/commons-math3-3.6.1.jar:/Users/lennoxfernandes/.m2/repository/commons-io/commons-io/2.18.0/commons-io-2.18.0.jar:/Users/lennoxfernandes/.m2/repository/com/zaxxer/SparseBitSet/1.3/SparseBitSet-1.3.jar:/Users/lennoxfernandes/.m2/repository/org/apache/poi/poi-ooxml/5.4.0/poi-ooxml-5.4.0.jar:/Users/lennoxfernandes/.m2/repository/org/apache/poi/poi-ooxml-lite/5.4.0/poi-ooxml-lite-5.4.0.jar:/Users/lennoxfernandes/.m2/repository/org/apache/xmlbeans/xmlbeans/5.3.0/xmlbeans-5.3.0.jar:/Users/lennoxfernandes/.m2/repository/org/apache/commons/commons-compress/1.27.1/commons-compress-1.27.1.jar:/Users/lennoxfernandes/.m2/repository/org/apache/commons/commons-lang3/3.16.0/commons-lang3-3.16.0.jar:/Users/lennoxfernandes/.m2/repository/com/github/virtuald/curvesapi/1.08/curvesapi-1.08.jar:/Users/lennoxfernandes/.m2/repository/org/apache/commons/commons-email/1.6.0/commons-email-1.6.0.jar:/Users/lennoxfernandes/.m2/repository/com/sun/mail/jakarta.mail/1.6.7/jakarta.mail-1.6.7.jar:/Users/lennoxfernandes/.m2/repository/com/sun/activation/jakarta.activation/1.2.1/jakarta.activation-1.2.1.jar:/Users/lennoxfernandes/.m2/repository/org/apache/logging/log4j/log4j-core/2.24.3/log4j-core-2.24.3.jar:/Users/lennoxfernandes/.m2/repository/org/apache/logging/log4j/log4j-api/2.24.3/log4j-api-2.24.3.jar:/Users/lennoxfernandes/.m2/repository/org/apache/logging/log4j/log4j-slf4j-impl/2.24.3/log4j-slf4j-impl-2.24.3.jar:"/>
    <property name="sun.cpu.endian" value="little"/>
    <property name="user.home" value="/Users/lennoxfernandes"/>
    <property name="user.language" value="en"/>
    <property name="java.specification.vendor" value="Oracle Corporation"/>
    <property name="java.version.date" value="2024-10-15"/>
    <property name="java.home" value="/Library/Java/JavaVirtualMachines/temurin-21.jdk/Contents/Home"/>
    <property name="file.separator" value="/"/>
    <property name="basedir" value="/Users/lennoxfernandes/eclipse-workspace/NinjaV6"/>
    <property name="java.vm.compressedOopsMode" value="Zero based"/>
    <property name="line.separator" value="&#10;"/>
    <property name="java.vm.specification.vendor" value="Oracle Corporation"/>
    <property name="java.specification.name" value="Java Platform API Specification"/>
    <property name="apple.awt.application.name" value="ForkedBooter"/>
    <property name="surefire.real.class.path" value="/Users/lennoxfernandes/eclipse-workspace/NinjaV6/target/surefire/surefirebooter-20250220190823655_3.jar"/>
    <property name="sun.management.compiler" value="HotSpot 64-Bit Tiered Compilers"/>
    <property name="ftp.nonProxyHosts" value="local|*.local|169.254/16|*.169.254/16"/>
    <property name="java.runtime.version" value="21.0.5+11-LTS"/>
    <property name="user.name" value="lennoxfernandes"/>
    <property name="stdout.encoding" value="UTF-8"/>
    <property name="path.separator" value=":"/>
    <property name="otel.metrics.exporter" value="none"/>
    <property name="os.version" value="15.3.1"/>
    <property name="java.runtime.name" value="OpenJDK Runtime Environment"/>
    <property name="otel.traces.exporter" value="none"/>
    <property name="file.encoding" value="UTF-8"/>
    <property name="java.vm.name" value="OpenJDK 64-Bit Server VM"/>
    <property name="java.vendor.version" value="Temurin-21.0.5+11"/>
    <property name="localRepository" value="/Users/lennoxfernandes/.m2/repository"/>
    <property name="java.vendor.url.bug" value="https://github.com/adoptium/adoptium-support/issues"/>
    <property name="otel.logs.exporter" value="none"/>
    <property name="java.io.tmpdir" value="/var/folders/z_/tbltfn_91dq_0s0wll4140y00000gn/T/"/>
    <property name="java.version" value="21.0.5"/>
    <property name="user.dir" value="/Users/lennoxfernandes/eclipse-workspace/NinjaV6"/>
    <property name="os.arch" value="aarch64"/>
    <property name="java.vm.specification.name" value="Java Virtual Machine Specification"/>
    <property name="native.encoding" value="UTF-8"/>
    <property name="java.library.path" value="/Users/lennoxfernandes/Library/Java/Extensions:/Library/Java/Extensions:/Network/Library/Java/Extensions:/System/Library/Java/Extensions:/usr/lib/java:."/>
    <property name="java.vm.info" value="mixed mode, sharing"/>
    <property name="stderr.encoding" value="UTF-8"/>
    <property name="java.vendor" value="Eclipse Adoptium"/>
    <property name="java.vm.version" value="21.0.5+11-LTS"/>
    <property name="sun.io.unicode.encoding" value="UnicodeBig"/>
    <property name="socksNonProxyHosts" value="local|*.local|169.254/16|*.169.254/16"/>
    <property name="java.class.version" value="65.0"/>
  </properties>
  <testcase name="testLaunchApplication" classname="testCases.TC01_LaunchApplication" time="0.103">
    <system-out><![CDATA[2025-02-21T00:08:24.111044Z main INFO Starting configuration XmlConfiguration[location=/Users/lennoxfernandes/eclipse-workspace/NinjaV6/target/test-classes/log4j2.xml, lastModified=2025-02-19T01:06:43.806Z]...
2025-02-21T00:08:24.111777Z main INFO Start watching for changes to /Users/lennoxfernandes/eclipse-workspace/NinjaV6/target/test-classes/log4j2.xml every 0 seconds
2025-02-21T00:08:24.111907Z main INFO Configuration XmlConfiguration[location=/Users/lennoxfernandes/eclipse-workspace/NinjaV6/target/test-classes/log4j2.xml, lastModified=2025-02-19T01:06:43.806Z] started.
2025-02-21T00:08:24.113475Z main INFO Stopping configuration org.apache.logging.log4j.core.config.DefaultConfiguration@163e4e87...
2025-02-21T00:08:24.113713Z main INFO Configuration org.apache.logging.log4j.core.config.DefaultConfiguration@163e4e87 stopped.
]]></system-out>
    <system-err><![CDATA[Feb 20, 2025 7:08:24 P.M. org.openqa.selenium.remote.tracing.opentelemetry.OpenTelemetryTracer createTracer
INFO: Using OpenTelemetry for tracing
]]></system-err>
  </testcase>
  <testcase name="testLaunchApplication" classname="testCases.TC01_LaunchApplication" time="0.151"/>
  <testcase name="testLaunchApplication" classname="testCases.TC01_LaunchApplication" time="0.027"/>
  <testcase name="testPurchaseAGiftCertificate" classname="testCases.TC06_PurchaseAGiftCertificate" time="0.383"/>
  <testcase name="testPurchaseAGiftCertificate" classname="testCases.TC06_PurchaseAGiftCertificate" time="0.354"/>
  <testcase name="testPurchaseAGiftCertificate" classname="testCases.TC06_PurchaseAGiftCertificate" time="1.603"/>
  <testcase name="testAddAnItemToWishList" classname="testCases.TC03_AddToCart" time="1.892"/>
  <testcase name="testAddAnItemToWishList" classname="testCases.TC03_AddToCart" time="1.927"/>
  <testcase name="testAddAnItemToWishList" classname="testCases.TC03_AddToCart" time="0.298"/>
  <testcase name="testLogin[goodmorning@gmail.com, test@1234](1)" classname="testCases.TC02_Login" time="2.348"/>
  <testcase name="testLogin[goodmorning@gmail.com, test@1234](1)" classname="testCases.TC02_Login" time="0.448"/>
  <testcase name="testLogin[goodmorning@gmail.com, test@1234](1)" classname="testCases.TC02_Login" time="0.557"/>
  <testcase name="testLogin[test121@test.com, test123](2)" classname="testCases.TC02_Login" time="1.771"/>
  <testcase name="testLogin[test121@test.com, test123](2)" classname="testCases.TC02_Login" time="0.789"/>
  <testcase name="testLogin[test121@test.com, test123](2)" classname="testCases.TC02_Login" time="1.162"/>
  <testcase name="testLogin[sid@cloudberry.services, Test123](3)" classname="testCases.TC02_Login" time="1.289"/>
  <testcase name="testLogin[sid@cloudberry.services, Test123](3)" classname="testCases.TC02_Login" time="0.556"/>
  <testcase name="testLogin[sid@cloudberry.services, Test123](3)" classname="testCases.TC02_Login" time="1.493"/>
  <testcase name="testLogin[otisdog22@yahoo.com, 1234QWERT](4)" classname="testCases.TC02_Login" time="0.934"/>
  <testcase name="testLogin[otisdog22@yahoo.com, 1234QWERT](4)" classname="testCases.TC02_Login" time="1.14"/>
  <testcase name="testLogin[otisdog22@yahoo.com, 1234QWERT](4)" classname="testCases.TC02_Login" time="0.86"/>
  <testcase name="testLogin[shalaka.dongre@gmail.com, Test123!](5)" classname="testCases.TC02_Login" time="0.459"/>
  <testcase name="testLogin[shalaka.dongre@gmail.com, Test123!](5)" classname="testCases.TC02_Login" time="0.628"/>
  <testcase name="testLogin[shalaka.dongre@gmail.com, Test123!](5)" classname="testCases.TC02_Login" time="2.436"/>
  <testcase name="testAddToCart" classname="testCases.TC05_AddAnItemToWishList" time="1.116"/>
  <testcase name="testAddToCart" classname="testCases.TC05_AddAnItemToWishList" time="0.349"/>
  <testcase name="testAddToCart" classname="testCases.TC05_AddAnItemToWishList" time="1.841"/>
  <testcase name="testCompletePurchase" classname="testCases.TC04_CompletePurchase" time="59.964"/>
  <testcase name="testCompletePurchase" classname="testCases.TC04_CompletePurchase" time="64.72">
    <system-err><![CDATA[java.io.IOException: Failed to mail or browse file:/Users/lennoxfernandes/eclipse-workspace/NinjaV6./reports/Test-Report-2025.02.20.19.08.24.html. Error code: -43
	at java.desktop/sun.lwawt.macosx.CDesktopPeer.lsOpen(CDesktopPeer.java:169)
	at java.desktop/sun.lwawt.macosx.CDesktopPeer.browse(CDesktopPeer.java:74)
	at java.desktop/java.awt.Desktop.browse(Desktop.java:533)
	at utilities.ExtentReportManager.onFinish(ExtentReportManager.java:111)
	at org.testng.TestRunner.fireEvent(TestRunner.java:873)
	at org.testng.TestRunner.afterRun(TestRunner.java:828)
	at org.testng.TestRunner.run(TestRunner.java:616)
	at org.testng.SuiteRunner.runTest(SuiteRunner.java:421)
	at org.testng.SuiteRunner$SuiteWorker.run(SuiteRunner.java:463)
	at org.testng.internal.thread.ThreadUtil.lambda$execute$0(ThreadUtil.java:64)
	at java.base/java.util.concurrent.FutureTask.run(FutureTask.java:317)
	at java.base/java.util.concurrent.ThreadPoolExecutor.runWorker(ThreadPoolExecutor.java:1144)
	at java.base/java.util.concurrent.ThreadPoolExecutor$Worker.run(ThreadPoolExecutor.java:642)
	at java.base/java.lang.Thread.run(Thread.java:1583)
]]></system-err>
  </testcase>
  <testcase name="testCompletePurchase" classname="testCases.TC04_CompletePurchase" time="69.493">
    <system-err><![CDATA[java.io.IOException: Failed to mail or browse file:/Users/lennoxfernandes/eclipse-workspace/NinjaV6./reports/Test-Report-2025.02.20.19.08.24.html. Error code: -43
	at java.desktop/sun.lwawt.macosx.CDesktopPeer.lsOpen(CDesktopPeer.java:169)
	at java.desktop/sun.lwawt.macosx.CDesktopPeer.browse(CDesktopPeer.java:74)
	at java.desktop/java.awt.Desktop.browse(Desktop.java:533)
	at utilities.ExtentReportManager.onFinish(ExtentReportManager.java:111)
	at org.testng.TestRunner.fireEvent(TestRunner.java:873)
	at org.testng.TestRunner.afterRun(TestRunner.java:828)
	at org.testng.TestRunner.run(TestRunner.java:616)
	at org.testng.SuiteRunner.runTest(SuiteRunner.java:421)
	at org.testng.SuiteRunner$SuiteWorker.run(SuiteRunner.java:463)
	at org.testng.internal.thread.ThreadUtil.lambda$execute$0(ThreadUtil.java:64)
	at java.base/java.util.concurrent.FutureTask.run(FutureTask.java:317)
	at java.base/java.util.concurrent.ThreadPoolExecutor.runWorker(ThreadPoolExecutor.java:1144)
	at java.base/java.util.concurrent.ThreadPoolExecutor$Worker.run(ThreadPoolExecutor.java:642)
	at java.base/java.lang.Thread.run(Thread.java:1583)
]]></system-err>
  </testcase>
</testsuite>