<?xml version="1.0" encoding="UTF-8"?>
<!-- Generated by org.testng.reporters.JUnitReportReporter -->
<testsuite hostname="Lennoxs-MacBook-Pro.local" failures="0" tests="3" name="testCases.TC03_AddToCart" time="5.921" errors="0" timestamp="2025-02-21T00:53:38 EST" skipped="0">
  <testcase classname="testCases.TC03_AddToCart" name="testAddAnItemToWishList" time="1.961"/>
  <testcase classname="testCases.TC03_AddToCart" name="testAddAnItemToWishList" time="1.967"/>
  <testcase classname="testCases.TC03_AddToCart" name="testAddAnItemToWishList" time="1.993"/>
</testsuite> <!-- testCases.TC03_AddToCart -->
