<?xml version="1.0" encoding="UTF-8"?>
<!-- Generated by org.testng.reporters.JUnitReportReporter -->
<testsuite hostname="Lennoxs-MacBook-Pro.local" failures="0" tests="3" name="testCases.TC05_AddAnItemToWishList" time="6.481" errors="0" timestamp="2025-02-16T00:22:50 EST" skipped="0">
  <testcase classname="testCases.TC05_AddAnItemToWishList" name="testAddToCart" time="2.634"/>
  <testcase classname="testCases.TC05_AddAnItemToWishList" name="testAddToCart" time="1.851"/>
  <testcase classname="testCases.TC05_AddAnItemToWishList" name="testAddToCart" time="1.996"/>
</testsuite> <!-- testCases.TC05_AddAnItemToWishList -->
