<?xml version="1.0" encoding="UTF-8"?>
<!-- Generated by org.testng.reporters.JUnitReportReporter -->
<testsuite hostname="Lennoxs-MacBook-Pro.local" failures="0" tests="3" name="testCases.TC01_LaunchApplication" time="1.391" errors="0" timestamp="2025-02-21T00:53:38 EST" skipped="0">
  <testcase classname="testCases.TC01_LaunchApplication" name="testLaunchApplication" time="1.292"/>
  <testcase classname="testCases.TC01_LaunchApplication" name="testLaunchApplication" time="0.054"/>
  <testcase classname="testCases.TC01_LaunchApplication" name="testLaunchApplication" time="0.045"/>
</testsuite> <!-- testCases.TC01_LaunchApplication -->
