<?xml version="1.0" encoding="UTF-8"?>
<!-- Generated by org.testng.reporters.JUnitReportReporter -->
<testsuite hostname="Lennoxs-MacBook-Pro.local" failures="0" tests="3" name="testCases.TC05_AddAnItemToWishList" time="5.665" errors="0" timestamp="2025-02-21T00:53:38 EST" skipped="0">
  <testcase classname="testCases.TC05_AddAnItemToWishList" name="testAddToCart" time="1.864"/>
  <testcase classname="testCases.TC05_AddAnItemToWishList" name="testAddToCart" time="1.883"/>
  <testcase classname="testCases.TC05_AddAnItemToWishList" name="testAddToCart" time="1.918"/>
</testsuite> <!-- testCases.TC05_AddAnItemToWishList -->
