<?xml version="1.0" encoding="UTF-8"?>
<!-- Generated by org.testng.reporters.JUnitReportReporter -->
<testsuite hostname="Lennoxs-MacBook-Pro.local" failures="0" tests="3" name="testCases.TC01_LaunchApplication" time="0.199" errors="0" timestamp="2025-02-16T00:22:50 EST" skipped="0">
  <testcase classname="testCases.TC01_LaunchApplication" name="testLaunchApplication" time="0.073"/>
  <testcase classname="testCases.TC01_LaunchApplication" name="testLaunchApplication" time="0.045"/>
  <testcase classname="testCases.TC01_LaunchApplication" name="testLaunchApplication" time="0.081"/>
</testsuite> <!-- testCases.TC01_LaunchApplication -->
