<?xml version="1.0" encoding="UTF-8"?>
<!-- Generated by org.testng.reporters.JUnitReportReporter -->
<testsuite hostname="Lennoxs-MacBook-Pro.local" failures="0" tests="3" name="testCases.TC04_CompletePurchase" time="210.867" errors="0" timestamp="2025-02-16T00:22:50 EST" skipped="0">
  <testcase classname="testCases.TC04_CompletePurchase" name="testCompletePurchase" time="70.733"/>
  <testcase classname="testCases.TC04_CompletePurchase" name="testCompletePurchase" time="70.270"/>
  <testcase classname="testCases.TC04_CompletePurchase" name="testCompletePurchase" time="69.864"/>
</testsuite> <!-- testCases.TC04_CompletePurchase -->
