<?xml version="1.0" encoding="UTF-8"?>
<!-- Generated by org.testng.reporters.JUnitReportReporter -->
<testsuite hostname="Lennoxs-MacBook-Pro.local" failures="0" tests="15" name="testCases.TC02_Login" time="38.060" errors="0" timestamp="2025-02-16T00:22:50 EST" skipped="0">
  <testcase classname="testCases.TC02_Login" name="testLogin" time="2.509"/>
  <testcase classname="testCases.TC02_Login" name="testLogin" time="2.466"/>
  <testcase classname="testCases.TC02_Login" name="testLogin" time="2.552"/>
  <testcase classname="testCases.TC02_Login" name="testLogin" time="2.142"/>
  <testcase classname="testCases.TC02_Login" name="testLogin" time="2.431"/>
  <testcase classname="testCases.TC02_Login" name="testLogin" time="2.819"/>
  <testcase classname="testCases.TC02_Login" name="testLogin" time="2.429"/>
  <testcase classname="testCases.TC02_Login" name="testLogin" time="2.560"/>
  <testcase classname="testCases.TC02_Login" name="testLogin" time="3.029"/>
  <testcase classname="testCases.TC02_Login" name="testLogin" time="2.270"/>
  <testcase classname="testCases.TC02_Login" name="testLogin" time="2.686"/>
  <testcase classname="testCases.TC02_Login" name="testLogin" time="2.210"/>
  <testcase classname="testCases.TC02_Login" name="testLogin" time="2.279"/>
  <testcase classname="testCases.TC02_Login" name="testLogin" time="2.434"/>
  <testcase classname="testCases.TC02_Login" name="testLogin" time="3.244"/>
</testsuite> <!-- testCases.TC02_Login -->
