<?xml version="1.0" encoding="UTF-8"?>
<!-- Generated by org.testng.reporters.JUnitReportReporter -->
<testsuite hostname="Lennoxs-MacBook-Pro.local" failures="0" tests="15" name="testCases.TC02_Login" time="36.667" errors="0" timestamp="2025-02-21T00:53:38 EST" skipped="0">
  <testcase classname="testCases.TC02_Login" name="testLogin" time="2.628"/>
  <testcase classname="testCases.TC02_Login" name="testLogin" time="2.153"/>
  <testcase classname="testCases.TC02_Login" name="testLogin" time="2.458"/>
  <testcase classname="testCases.TC02_Login" name="testLogin" time="2.789"/>
  <testcase classname="testCases.TC02_Login" name="testLogin" time="2.585"/>
  <testcase classname="testCases.TC02_Login" name="testLogin" time="2.101"/>
  <testcase classname="testCases.TC02_Login" name="testLogin" time="2.400"/>
  <testcase classname="testCases.TC02_Login" name="testLogin" time="2.279"/>
  <testcase classname="testCases.TC02_Login" name="testLogin" time="2.479"/>
  <testcase classname="testCases.TC02_Login" name="testLogin" time="2.620"/>
  <testcase classname="testCases.TC02_Login" name="testLogin" time="2.368"/>
  <testcase classname="testCases.TC02_Login" name="testLogin" time="2.524"/>
  <testcase classname="testCases.TC02_Login" name="testLogin" time="2.546"/>
  <testcase classname="testCases.TC02_Login" name="testLogin" time="2.416"/>
  <testcase classname="testCases.TC02_Login" name="testLogin" time="2.321"/>
</testsuite> <!-- testCases.TC02_Login -->
