<?xml version="1.0" encoding="UTF-8"?>
<!-- Generated by org.testng.reporters.JUnitReportReporter -->
<testsuite hostname="Lennoxs-MacBook-Pro.local" failures="0" tests="3" name="testCases.TC03_AddToCart" time="6.181" errors="0" timestamp="2025-02-16T00:22:50 EST" skipped="0">
  <testcase classname="testCases.TC03_AddToCart" name="testAddAnItemToWishList" time="2.297"/>
  <testcase classname="testCases.TC03_AddToCart" name="testAddAnItemToWishList" time="1.921"/>
  <testcase classname="testCases.TC03_AddToCart" name="testAddAnItemToWishList" time="1.963"/>
</testsuite> <!-- testCases.TC03_AddToCart -->
