<?xml version="1.0" encoding="UTF-8"?>
<!-- Generated by org.testng.reporters.JUnitReportReporter -->
<testsuite hostname="Lennoxs-MacBook-Pro.local" failures="0" tests="3" name="testCases.TC01_LaunchApplication" time="1.350" errors="0" timestamp="2025-02-20T19:10:24 EST" skipped="0">
  <testcase classname="testCases.TC01_LaunchApplication" name="testLaunchApplication" time="0.026"/>
  <testcase classname="testCases.TC01_LaunchApplication" name="testLaunchApplication" time="1.286"/>
  <testcase classname="testCases.TC01_LaunchApplication" name="testLaunchApplication" time="0.038"/>
</testsuite> <!-- testCases.TC01_LaunchApplication -->
