<?xml version="1.0" encoding="UTF-8"?>
<!-- Generated by org.testng.reporters.JUnitReportReporter -->
<testsuite hostname="Lennoxs-MacBook-Pro.local" failures="0" tests="3" name="testCases.TC03_AddToCart" time="5.774" errors="0" timestamp="2025-02-20T19:10:24 EST" skipped="0">
  <testcase classname="testCases.TC03_AddToCart" name="testAddAnItemToWishList" time="1.955"/>
  <testcase classname="testCases.TC03_AddToCart" name="testAddAnItemToWishList" time="1.892"/>
  <testcase classname="testCases.TC03_AddToCart" name="testAddAnItemToWishList" time="1.927"/>
</testsuite> <!-- testCases.TC03_AddToCart -->
