<?xml version="1.0" encoding="UTF-8"?>
<!-- Generated by org.testng.reporters.JUnitReportReporter -->
<testsuite hostname="Lennoxs-MacBook-Pro.local" failures="0" tests="3" name="testCases.TC04_CompletePurchase" time="209.422" errors="0" timestamp="2025-02-20T19:10:24 EST" skipped="0">
  <testcase classname="testCases.TC04_CompletePurchase" name="testCompletePurchase" time="70.095"/>
  <testcase classname="testCases.TC04_CompletePurchase" name="testCompletePurchase" time="69.494"/>
  <testcase classname="testCases.TC04_CompletePurchase" name="testCompletePurchase" time="69.833"/>
</testsuite> <!-- testCases.TC04_CompletePurchase -->
