<?xml version="1.0" encoding="UTF-8"?>
<!-- Generated by org.testng.reporters.JUnitReportReporter -->
<testsuite hostname="Lennoxs-MacBook-Pro.local" failures="0" tests="15" name="testCases.TC02_Login" time="35.527" errors="0" timestamp="2025-02-20T19:10:24 EST" skipped="0">
  <testcase classname="testCases.TC02_Login" name="testLogin" time="2.443"/>
  <testcase classname="testCases.TC02_Login" name="testLogin" time="2.303"/>
  <testcase classname="testCases.TC02_Login" name="testLogin" time="2.047"/>
  <testcase classname="testCases.TC02_Login" name="testLogin" time="2.416"/>
  <testcase classname="testCases.TC02_Login" name="testLogin" time="2.633"/>
  <testcase classname="testCases.TC02_Login" name="testLogin" time="2.178"/>
  <testcase classname="testCases.TC02_Login" name="testLogin" time="2.672"/>
  <testcase classname="testCases.TC02_Login" name="testLogin" time="2.221"/>
  <testcase classname="testCases.TC02_Login" name="testLogin" time="2.122"/>
  <testcase classname="testCases.TC02_Login" name="testLogin" time="2.347"/>
  <testcase classname="testCases.TC02_Login" name="testLogin" time="2.635"/>
  <testcase classname="testCases.TC02_Login" name="testLogin" time="2.246"/>
  <testcase classname="testCases.TC02_Login" name="testLogin" time="2.653"/>
  <testcase classname="testCases.TC02_Login" name="testLogin" time="2.332"/>
  <testcase classname="testCases.TC02_Login" name="testLogin" time="2.279"/>
</testsuite> <!-- testCases.TC02_Login -->
