<?xml version="1.0" encoding="UTF-8"?>
<!-- Generated by org.testng.reporters.JUnitReportReporter -->
<testsuite hostname="Lennoxs-MacBook-Pro.local" failures="0" tests="3" name="testCases.TC05_AddAnItemToWishList" time="6.030" errors="0" timestamp="2025-02-20T19:10:24 EST" skipped="0">
  <testcase classname="testCases.TC05_AddAnItemToWishList" name="testAddToCart" time="1.842"/>
  <testcase classname="testCases.TC05_AddAnItemToWishList" name="testAddToCart" time="1.979"/>
  <testcase classname="testCases.TC05_AddAnItemToWishList" name="testAddToCart" time="2.209"/>
</testsuite> <!-- testCases.TC05_AddAnItemToWishList -->
